TN:
SF:my-element.js
FN:17,get styles
FN:28,get properties
FN:44,MyElement
FN:50,render
FN:60,_onClick
FN:70,sayHello
FNF:6
FNH:6
FNDA:1,get styles
FNDA:1,get properties
FNDA:5,MyElement
FNDA:5,render
FNDA:1,_onClick
FNDA:5,sayHello
DA:1,1
DA:2,1
DA:3,1
DA:4,1
DA:5,1
DA:6,1
DA:7,1
DA:8,1
DA:9,1
DA:10,1
DA:11,1
DA:12,1
DA:13,1
DA:14,1
DA:15,1
DA:16,1
DA:17,1
DA:18,1
DA:19,1
DA:20,1
DA:21,1
DA:22,1
DA:23,1
DA:24,1
DA:25,1
DA:26,1
DA:27,1
DA:28,1
DA:29,1
DA:30,1
DA:31,1
DA:32,1
DA:33,1
DA:34,1
DA:35,1
DA:36,1
DA:37,1
DA:38,1
DA:39,1
DA:40,1
DA:41,1
DA:42,1
DA:43,1
DA:44,1
DA:45,5
DA:46,5
DA:47,5
DA:48,5
DA:49,1
DA:50,1
DA:51,5
DA:52,5
DA:53,5
DA:54,5
DA:55,5
DA:56,5
DA:57,5
DA:58,5
DA:59,1
DA:60,1
DA:61,1
DA:62,1
DA:63,1
DA:64,1
DA:65,1
DA:66,1
DA:67,1
DA:68,1
DA:69,1
DA:70,1
DA:71,5
DA:72,5
DA:73,1
DA:74,1
DA:75,1
LF:75
LH:75
BRDA:1,0,0,1
BRDA:17,1,0,1
BRDA:28,2,0,1
BRDA:44,3,0,5
BRDA:50,4,0,5
BRDA:60,5,0,1
BRDA:70,6,0,5
BRF:7
BRH:7
end_of_record
TN:
SF:src/app.js
FN:8,<static_initializer>
FN:27,firstUpdated
FN:36,render
FNF:3
FNH:1
FNDA:1,<static_initializer>
FNDA:0,firstUpdated
FNDA:0,render
DA:1,1
DA:2,1
DA:3,1
DA:4,1
DA:5,1
DA:6,1
DA:7,1
DA:8,1
DA:9,1
DA:10,1
DA:11,1
DA:12,1
DA:13,1
DA:14,1
DA:15,1
DA:16,1
DA:17,1
DA:18,1
DA:19,1
DA:20,1
DA:21,1
DA:22,1
DA:23,1
DA:24,1
DA:25,1
DA:26,1
DA:27,1
DA:28,0
DA:29,0
DA:30,0
DA:31,0
DA:32,0
DA:33,0
DA:34,0
DA:35,1
DA:36,1
DA:37,0
DA:38,0
DA:39,0
DA:40,0
DA:41,0
DA:42,0
DA:43,0
DA:44,1
DA:45,1
DA:46,1
LF:46
LH:32
BRDA:1,0,0,1
BRDA:8,1,0,1
BRF:2
BRH:2
end_of_record
TN:
SF:src/components/employee-form/employee-form.js
FN:11,get properties
FN:21,<static_initializer>
FN:122,EmployeeForm
FN:140,stateChanged
FN:152,get translations
FN:156,firstUpdated
FN:160,handleInput
FN:175,handleSubmit
FN:188,handleConfirm
FN:198,renderFormField
FN:231,renderConfirmDialog
FN:245,render
FNF:12
FNH:2
FNDA:1,get properties
FNDA:1,<static_initializer>
FNDA:0,EmployeeForm
FNDA:0,stateChanged
FNDA:0,get translations
FNDA:0,firstUpdated
FNDA:0,handleInput
FNDA:0,handleSubmit
FNDA:0,handleConfirm
FNDA:0,renderFormField
FNDA:0,renderConfirmDialog
FNDA:0,render
DA:1,1
DA:2,1
DA:3,1
DA:4,1
DA:5,1
DA:6,1
DA:7,1
DA:8,1
DA:9,1
DA:10,1
DA:11,1
DA:12,1
DA:13,1
DA:14,1
DA:15,1
DA:16,1
DA:17,1
DA:18,1
DA:19,1
DA:20,1
DA:21,1
DA:22,1
DA:23,1
DA:24,1
DA:25,1
DA:26,1
DA:27,1
DA:28,1
DA:29,1
DA:30,1
DA:31,1
DA:32,1
DA:33,1
DA:34,1
DA:35,1
DA:36,1
DA:37,1
DA:38,1
DA:39,1
DA:40,1
DA:41,1
DA:42,1
DA:43,1
DA:44,1
DA:45,1
DA:46,1
DA:47,1
DA:48,1
DA:49,1
DA:50,1
DA:51,1
DA:52,1
DA:53,1
DA:54,1
DA:55,1
DA:56,1
DA:57,1
DA:58,1
DA:59,1
DA:60,1
DA:61,1
DA:62,1
DA:63,1
DA:64,1
DA:65,1
DA:66,1
DA:67,1
DA:68,1
DA:69,1
DA:70,1
DA:71,1
DA:72,1
DA:73,1
DA:74,1
DA:75,1
DA:76,1
DA:77,1
DA:78,1
DA:79,1
DA:80,1
DA:81,1
DA:82,1
DA:83,1
DA:84,1
DA:85,1
DA:86,1
DA:87,1
DA:88,1
DA:89,1
DA:90,1
DA:91,1
DA:92,1
DA:93,1
DA:94,1
DA:95,1
DA:96,1
DA:97,1
DA:98,1
DA:99,1
DA:100,1
DA:101,1
DA:102,1
DA:103,1
DA:104,1
DA:105,1
DA:106,1
DA:107,1
DA:108,1
DA:109,1
DA:110,1
DA:111,1
DA:112,1
DA:113,1
DA:114,1
DA:115,1
DA:116,1
DA:117,1
DA:118,1
DA:119,1
DA:120,1
DA:121,1
DA:122,1
DA:123,0
DA:124,0
DA:125,0
DA:126,0
DA:127,0
DA:128,0
DA:129,0
DA:130,0
DA:131,0
DA:132,0
DA:133,0
DA:134,0
DA:135,0
DA:136,0
DA:137,0
DA:138,0
DA:139,1
DA:140,1
DA:141,0
DA:142,0
DA:143,0
DA:144,0
DA:145,0
DA:146,0
DA:147,0
DA:148,0
DA:149,0
DA:150,0
DA:151,1
DA:152,1
DA:153,0
DA:154,0
DA:155,1
DA:156,1
DA:157,0
DA:158,0
DA:159,1
DA:160,1
DA:161,0
DA:162,0
DA:163,0
DA:164,0
DA:165,0
DA:166,0
DA:167,0
DA:168,0
DA:169,0
DA:170,0
DA:171,0
DA:172,0
DA:173,0
DA:174,1
DA:175,1
DA:176,0
DA:177,0
DA:178,0
DA:179,0
DA:180,0
DA:181,0
DA:182,0
DA:183,0
DA:184,0
DA:185,0
DA:186,0
DA:187,1
DA:188,1
DA:189,0
DA:190,0
DA:191,0
DA:192,0
DA:193,0
DA:194,0
DA:195,0
DA:196,0
DA:197,1
DA:198,1
DA:199,0
DA:200,0
DA:201,0
DA:202,0
DA:203,0
DA:204,0
DA:205,0
DA:206,0
DA:207,0
DA:208,0
DA:209,0
DA:210,0
DA:211,0
DA:212,0
DA:213,0
DA:214,0
DA:215,0
DA:216,0
DA:217,0
DA:218,0
DA:219,0
DA:220,0
DA:221,0
DA:222,0
DA:223,0
DA:224,0
DA:225,0
DA:226,0
DA:227,0
DA:228,0
DA:229,0
DA:230,1
DA:231,1
DA:232,0
DA:233,0
DA:234,0
DA:235,0
DA:236,0
DA:237,0
DA:238,0
DA:239,0
DA:240,0
DA:241,0
DA:242,0
DA:243,0
DA:244,1
DA:245,1
DA:246,0
DA:247,0
DA:248,0
DA:249,0
DA:250,0
DA:251,0
DA:252,0
DA:253,0
DA:254,0
DA:255,0
DA:256,0
DA:257,0
DA:258,0
DA:259,0
DA:260,0
DA:261,0
DA:262,0
DA:263,0
DA:264,0
DA:265,0
DA:266,0
DA:267,0
DA:268,0
DA:269,0
DA:270,0
DA:271,0
DA:272,0
DA:273,0
DA:274,1
DA:275,1
DA:276,1
LF:276
LH:143
BRDA:1,0,0,1
BRDA:11,1,0,1
BRDA:21,2,0,1
BRF:3
BRH:3
end_of_record
TN:
SF:src/components/employee-list/employee-list.js
FN:10,get properties
FN:23,<static_initializer>
FN:404,EmployeeList
FN:416,stateChanged
FN:424,get translations
FN:428,get filteredEmployees
FN:436,get paginatedEmployees
FN:441,get totalPages
FN:445,handleViewModeChange
FN:449,handleSearch
FN:453,handlePageChange
FN:457,handleDeleteClick
FN:462,handleDeleteConfirm
FN:468,handleSelectAll
FN:477,handleSelectRow
FN:486,isRowSelected
FN:490,isAllSelected
FN:494,renderTableView
FN:558,renderListView
FN:586,renderPagination
FN:646,renderDeleteConfirmDialog
FN:668,render
FNF:22
FNH:15
FNDA:2,get properties
FNDA:2,<static_initializer>
FNDA:16,EmployeeList
FNDA:53,stateChanged
FNDA:46,get translations
FNDA:110,get filteredEmployees
FNDA:64,get paginatedEmployees
FNDA:22,get totalPages
FNDA:0,handleViewModeChange
FNDA:2,handleSearch
FNDA:0,handlePageChange
FNDA:0,handleDeleteClick
FNDA:0,handleDeleteConfirm
FNDA:0,handleSelectAll
FNDA:0,handleSelectRow
FNDA:77,isRowSelected
FNDA:21,isAllSelected
FNDA:21,renderTableView
FNDA:1,renderListView
FNDA:22,renderPagination
FNDA:0,renderDeleteConfirmDialog
FNDA:24,render
DA:1,2
DA:2,2
DA:3,2
DA:4,2
DA:5,2
DA:6,2
DA:7,2
DA:8,2
DA:9,2
DA:10,2
DA:11,2
DA:12,2
DA:13,2
DA:14,2
DA:15,2
DA:16,2
DA:17,2
DA:18,2
DA:19,2
DA:20,2
DA:21,2
DA:22,2
DA:23,2
DA:24,2
DA:25,2
DA:26,2
DA:27,2
DA:28,2
DA:29,2
DA:30,2
DA:31,2
DA:32,2
DA:33,2
DA:34,2
DA:35,2
DA:36,2
DA:37,2
DA:38,2
DA:39,2
DA:40,2
DA:41,2
DA:42,2
DA:43,2
DA:44,2
DA:45,2
DA:46,2
DA:47,2
DA:48,2
DA:49,2
DA:50,2
DA:51,2
DA:52,2
DA:53,2
DA:54,2
DA:55,2
DA:56,2
DA:57,2
DA:58,2
DA:59,2
DA:60,2
DA:61,2
DA:62,2
DA:63,2
DA:64,2
DA:65,2
DA:66,2
DA:67,2
DA:68,2
DA:69,2
DA:70,2
DA:71,2
DA:72,2
DA:73,2
DA:74,2
DA:75,2
DA:76,2
DA:77,2
DA:78,2
DA:79,2
DA:80,2
DA:81,2
DA:82,2
DA:83,2
DA:84,2
DA:85,2
DA:86,2
DA:87,2
DA:88,2
DA:89,2
DA:90,2
DA:91,2
DA:92,2
DA:93,2
DA:94,2
DA:95,2
DA:96,2
DA:97,2
DA:98,2
DA:99,2
DA:100,2
DA:101,2
DA:102,2
DA:103,2
DA:104,2
DA:105,2
DA:106,2
DA:107,2
DA:108,2
DA:109,2
DA:110,2
DA:111,2
DA:112,2
DA:113,2
DA:114,2
DA:115,2
DA:116,2
DA:117,2
DA:118,2
DA:119,2
DA:120,2
DA:121,2
DA:122,2
DA:123,2
DA:124,2
DA:125,2
DA:126,2
DA:127,2
DA:128,2
DA:129,2
DA:130,2
DA:131,2
DA:132,2
DA:133,2
DA:134,2
DA:135,2
DA:136,2
DA:137,2
DA:138,2
DA:139,2
DA:140,2
DA:141,2
DA:142,2
DA:143,2
DA:144,2
DA:145,2
DA:146,2
DA:147,2
DA:148,2
DA:149,2
DA:150,2
DA:151,2
DA:152,2
DA:153,2
DA:154,2
DA:155,2
DA:156,2
DA:157,2
DA:158,2
DA:159,2
DA:160,2
DA:161,2
DA:162,2
DA:163,2
DA:164,2
DA:165,2
DA:166,2
DA:167,2
DA:168,2
DA:169,2
DA:170,2
DA:171,2
DA:172,2
DA:173,2
DA:174,2
DA:175,2
DA:176,2
DA:177,2
DA:178,2
DA:179,2
DA:180,2
DA:181,2
DA:182,2
DA:183,2
DA:184,2
DA:185,2
DA:186,2
DA:187,2
DA:188,2
DA:189,2
DA:190,2
DA:191,2
DA:192,2
DA:193,2
DA:194,2
DA:195,2
DA:196,2
DA:197,2
DA:198,2
DA:199,2
DA:200,2
DA:201,2
DA:202,2
DA:203,2
DA:204,2
DA:205,2
DA:206,2
DA:207,2
DA:208,2
DA:209,2
DA:210,2
DA:211,2
DA:212,2
DA:213,2
DA:214,2
DA:215,2
DA:216,2
DA:217,2
DA:218,2
DA:219,2
DA:220,2
DA:221,2
DA:222,2
DA:223,2
DA:224,2
DA:225,2
DA:226,2
DA:227,2
DA:228,2
DA:229,2
DA:230,2
DA:231,2
DA:232,2
DA:233,2
DA:234,2
DA:235,2
DA:236,2
DA:237,2
DA:238,2
DA:239,2
DA:240,2
DA:241,2
DA:242,2
DA:243,2
DA:244,2
DA:245,2
DA:246,2
DA:247,2
DA:248,2
DA:249,2
DA:250,2
DA:251,2
DA:252,2
DA:253,2
DA:254,2
DA:255,2
DA:256,2
DA:257,2
DA:258,2
DA:259,2
DA:260,2
DA:261,2
DA:262,2
DA:263,2
DA:264,2
DA:265,2
DA:266,2
DA:267,2
DA:268,2
DA:269,2
DA:270,2
DA:271,2
DA:272,2
DA:273,2
DA:274,2
DA:275,2
DA:276,2
DA:277,2
DA:278,2
DA:279,2
DA:280,2
DA:281,2
DA:282,2
DA:283,2
DA:284,2
DA:285,2
DA:286,2
DA:287,2
DA:288,2
DA:289,2
DA:290,2
DA:291,2
DA:292,2
DA:293,2
DA:294,2
DA:295,2
DA:296,2
DA:297,2
DA:298,2
DA:299,2
DA:300,2
DA:301,2
DA:302,2
DA:303,2
DA:304,2
DA:305,2
DA:306,2
DA:307,2
DA:308,2
DA:309,2
DA:310,2
DA:311,2
DA:312,2
DA:313,2
DA:314,2
DA:315,2
DA:316,2
DA:317,2
DA:318,2
DA:319,2
DA:320,2
DA:321,2
DA:322,2
DA:323,2
DA:324,2
DA:325,2
DA:326,2
DA:327,2
DA:328,2
DA:329,2
DA:330,2
DA:331,2
DA:332,2
DA:333,2
DA:334,2
DA:335,2
DA:336,2
DA:337,2
DA:338,2
DA:339,2
DA:340,2
DA:341,2
DA:342,2
DA:343,2
DA:344,2
DA:345,2
DA:346,2
DA:347,2
DA:348,2
DA:349,2
DA:350,2
DA:351,2
DA:352,2
DA:353,2
DA:354,2
DA:355,2
DA:356,2
DA:357,2
DA:358,2
DA:359,2
DA:360,2
DA:361,2
DA:362,2
DA:363,2
DA:364,2
DA:365,2
DA:366,2
DA:367,2
DA:368,2
DA:369,2
DA:370,2
DA:371,2
DA:372,2
DA:373,2
DA:374,2
DA:375,2
DA:376,2
DA:377,2
DA:378,2
DA:379,2
DA:380,2
DA:381,2
DA:382,2
DA:383,2
DA:384,2
DA:385,2
DA:386,2
DA:387,2
DA:388,2
DA:389,2
DA:390,2
DA:391,2
DA:392,2
DA:393,2
DA:394,2
DA:395,2
DA:396,2
DA:397,2
DA:398,2
DA:399,2
DA:400,2
DA:401,2
DA:402,2
DA:403,2
DA:404,2
DA:405,16
DA:406,16
DA:407,16
DA:408,16
DA:409,16
DA:410,16
DA:411,16
DA:412,16
DA:413,16
DA:414,16
DA:415,2
DA:416,2
DA:417,53
DA:418,53
DA:419,53
DA:420,53
DA:421,53
DA:422,53
DA:423,2
DA:424,2
DA:425,46
DA:426,46
DA:427,2
DA:428,2
DA:429,110
DA:430,482
DA:431,551
DA:432,482
DA:433,110
DA:434,110
DA:435,2
DA:436,2
DA:437,64
DA:438,64
DA:439,64
DA:440,2
DA:441,2
DA:442,22
DA:443,22
DA:444,2
DA:445,2
DA:446,0
DA:447,0
DA:448,2
DA:449,2
DA:450,2
DA:451,2
DA:452,2
DA:453,2
DA:454,0
DA:455,0
DA:456,2
DA:457,2
DA:458,0
DA:459,0
DA:460,0
DA:461,2
DA:462,2
DA:463,0
DA:464,0
DA:465,0
DA:466,0
DA:467,2
DA:468,2
DA:469,0
DA:470,0
DA:471,0
DA:472,0
DA:473,0
DA:474,0
DA:475,0
DA:476,2
DA:477,2
DA:478,0
DA:479,0
DA:480,0
DA:481,0
DA:482,0
DA:483,0
DA:484,0
DA:485,2
DA:486,2
DA:487,77
DA:488,77
DA:489,2
DA:490,2
DA:491,21
DA:492,21
DA:493,2
DA:494,2
DA:495,21
DA:496,21
DA:497,21
DA:498,21
DA:499,21
DA:500,21
DA:501,21
DA:502,21
DA:503,21
DA:504,21
DA:505,21
DA:506,21
DA:507,21
DA:508,21
DA:509,21
DA:510,21
DA:511,21
DA:512,21
DA:513,21
DA:514,21
DA:515,21
DA:516,21
DA:517,21
DA:518,21
DA:519,21
DA:520,21
DA:521,77
DA:522,77
DA:523,77
DA:524,77
DA:525,77
DA:526,77
DA:527,77
DA:528,77
DA:529,77
DA:530,77
DA:531,77
DA:532,77
DA:533,77
DA:534,77
DA:535,77
DA:536,77
DA:537,77
DA:538,77
DA:539,77
DA:540,77
DA:541,77
DA:542,77
DA:543,77
DA:544,77
DA:545,77
DA:546,77
DA:547,77
DA:548,77
DA:549,77
DA:550,77
DA:551,21
DA:552,21
DA:553,21
DA:554,21
DA:555,21
DA:556,21
DA:557,2
DA:558,2
DA:559,1
DA:560,1
DA:561,1
DA:562,1
DA:563,3
DA:564,3
DA:565,3
DA:566,3
DA:567,3
DA:568,3
DA:569,3
DA:570,3
DA:571,3
DA:572,3
DA:573,3
DA:574,3
DA:575,3
DA:576,3
DA:577,3
DA:578,3
DA:579,3
DA:580,3
DA:581,1
DA:582,1
DA:583,1
DA:584,1
DA:585,2
DA:586,2
DA:587,22
DA:588,22
DA:589,22
DA:590,22
DA:591,22
DA:592,24
DA:593,24
DA:594,22
DA:595,0
DA:596,0
DA:597,0
DA:598,0
DA:599,0
DA:600,0
DA:601,0
DA:602,0
DA:603,22
DA:604,22
DA:605,22
DA:606,22
DA:607,22
DA:608,22
DA:609,22
DA:610,22
DA:611,22
DA:612,22
DA:613,22
DA:614,22
DA:615,22
DA:616,22
DA:617,22
DA:618,22
DA:619,22
DA:620,24
DA:621,24
DA:622,24
DA:623,24
DA:624,24
DA:625,24
DA:626,24
DA:627,22
DA:628,22
DA:629,22
DA:630,22
DA:631,22
DA:632,22
DA:633,22
DA:634,22
DA:635,22
DA:636,22
DA:637,22
DA:638,22
DA:639,22
DA:640,22
DA:641,22
DA:642,22
DA:643,22
DA:644,22
DA:645,2
DA:646,2
DA:647,0
DA:648,0
DA:649,0
DA:650,0
DA:651,0
DA:652,0
DA:653,0
DA:654,0
DA:655,0
DA:656,0
DA:657,0
DA:658,0
DA:659,0
DA:660,0
DA:661,0
DA:662,0
DA:663,0
DA:664,0
DA:665,0
DA:666,0
DA:667,2
DA:668,2
DA:669,24
DA:670,24
DA:671,24
DA:672,24
DA:673,24
DA:674,24
DA:675,24
DA:676,24
DA:677,24
DA:678,24
DA:679,24
DA:680,24
DA:681,24
DA:682,24
DA:683,24
DA:684,24
DA:685,24
DA:686,24
DA:687,24
DA:688,24
DA:689,24
DA:690,24
DA:691,24
DA:692,24
DA:693,24
DA:694,24
DA:695,24
DA:696,24
DA:697,24
DA:698,24
DA:699,24
DA:700,24
DA:701,24
DA:702,24
DA:703,22
DA:704,22
DA:705,22
DA:706,24
DA:707,24
DA:708,24
DA:709,24
DA:710,24
DA:711,2
DA:712,2
DA:713,2
LF:713
LH:660
BRDA:1,0,0,2
BRDA:10,1,0,2
BRDA:23,2,0,2
BRDA:404,3,0,17
BRDA:416,4,0,54
BRDA:424,5,0,47
BRDA:425,6,0,3
BRDA:425,7,0,45
BRDA:428,8,0,111
BRDA:429,9,0,483
BRDA:430,10,0,552
BRDA:436,11,0,65
BRDA:441,12,0,23
BRDA:449,13,0,3
BRDA:486,14,0,78
BRDA:490,15,0,22
BRDA:491,16,0,22
BRDA:494,17,0,22
BRDA:520,18,0,78
BRDA:558,19,0,2
BRDA:562,20,0,4
BRDA:586,21,0,23
BRDA:591,22,0,25
BRDA:594,23,0,1
BRDA:619,24,0,25
BRDA:621,25,0,1
BRDA:623,26,0,23
BRDA:623,27,0,3
BRDA:668,28,0,25
BRDA:675,29,0,2
BRDA:675,30,0,24
BRDA:682,31,0,24
BRDA:682,32,0,2
BRDA:701,33,0,3
BRDA:702,34,0,23
BRDA:703,35,0,22
BRDA:703,36,0,2
BRDA:708,37,0,1
BRF:38
BRH:38
end_of_record
TN:
SF:src/components/navigation/nav-menu.js
FN:8,<static_initializer>
FN:138,NavMenu
FN:143,stateChanged
FN:147,get t
FN:151,handleLanguageChange
FN:157,render
FNF:6
FNH:5
FNDA:2,<static_initializer>
FNDA:1,NavMenu
FNDA:1,stateChanged
FNDA:2,get t
FNDA:0,handleLanguageChange
FNDA:1,render
DA:1,2
DA:2,2
DA:3,2
DA:4,2
DA:5,2
DA:6,2
DA:7,2
DA:8,2
DA:9,2
DA:10,2
DA:11,2
DA:12,2
DA:13,2
DA:14,2
DA:15,2
DA:16,2
DA:17,2
DA:18,2
DA:19,2
DA:20,2
DA:21,2
DA:22,2
DA:23,2
DA:24,2
DA:25,2
DA:26,2
DA:27,2
DA:28,2
DA:29,2
DA:30,2
DA:31,2
DA:32,2
DA:33,2
DA:34,2
DA:35,2
DA:36,2
DA:37,2
DA:38,2
DA:39,2
DA:40,2
DA:41,2
DA:42,2
DA:43,2
DA:44,2
DA:45,2
DA:46,2
DA:47,2
DA:48,2
DA:49,2
DA:50,2
DA:51,2
DA:52,2
DA:53,2
DA:54,2
DA:55,2
DA:56,2
DA:57,2
DA:58,2
DA:59,2
DA:60,2
DA:61,2
DA:62,2
DA:63,2
DA:64,2
DA:65,2
DA:66,2
DA:67,2
DA:68,2
DA:69,2
DA:70,2
DA:71,2
DA:72,2
DA:73,2
DA:74,2
DA:75,2
DA:76,2
DA:77,2
DA:78,2
DA:79,2
DA:80,2
DA:81,2
DA:82,2
DA:83,2
DA:84,2
DA:85,2
DA:86,2
DA:87,2
DA:88,2
DA:89,2
DA:90,2
DA:91,2
DA:92,2
DA:93,2
DA:94,2
DA:95,2
DA:96,2
DA:97,2
DA:98,2
DA:99,2
DA:100,2
DA:101,2
DA:102,2
DA:103,2
DA:104,2
DA:105,2
DA:106,2
DA:107,2
DA:108,2
DA:109,2
DA:110,2
DA:111,2
DA:112,2
DA:113,2
DA:114,2
DA:115,2
DA:116,2
DA:117,2
DA:118,2
DA:119,2
DA:120,2
DA:121,2
DA:122,2
DA:123,2
DA:124,2
DA:125,2
DA:126,2
DA:127,2
DA:128,2
DA:129,2
DA:130,2
DA:131,2
DA:132,2
DA:133,2
DA:134,2
DA:135,2
DA:136,2
DA:137,2
DA:138,2
DA:139,1
DA:140,1
DA:141,1
DA:142,2
DA:143,2
DA:144,1
DA:145,1
DA:146,2
DA:147,2
DA:148,2
DA:149,2
DA:150,2
DA:151,2
DA:152,0
DA:153,0
DA:154,0
DA:155,0
DA:156,2
DA:157,2
DA:158,1
DA:159,1
DA:160,1
DA:161,1
DA:162,1
DA:163,1
DA:164,1
DA:165,1
DA:166,1
DA:167,1
DA:168,1
DA:169,1
DA:170,1
DA:171,1
DA:172,1
DA:173,1
DA:174,1
DA:175,1
DA:176,1
DA:177,1
DA:178,1
DA:179,1
DA:180,1
DA:181,1
DA:182,2
DA:183,2
DA:184,2
LF:184
LH:180
BRDA:1,0,0,2
BRDA:8,1,0,2
BRDA:138,2,0,2
BRDA:143,3,0,2
BRDA:147,4,0,3
BRDA:148,5,0,1
BRDA:157,6,0,2
BRDA:175,7,0,1
BRDA:176,8,0,1
BRF:9
BRH:9
end_of_record
TN:
SF:src/i18n/en.js
FNF:0
FNH:0
DA:1,4
DA:2,4
DA:3,4
DA:4,4
DA:5,4
DA:6,4
DA:7,4
DA:8,4
DA:9,4
DA:10,4
DA:11,4
DA:12,4
DA:13,4
DA:14,4
DA:15,4
DA:16,4
DA:17,4
DA:18,4
DA:19,4
DA:20,4
DA:21,4
DA:22,4
DA:23,4
DA:24,4
DA:25,4
DA:26,4
DA:27,4
DA:28,4
DA:29,4
DA:30,4
DA:31,4
DA:32,4
DA:33,4
DA:34,4
DA:35,4
DA:36,4
DA:37,4
DA:38,4
DA:39,4
DA:40,4
DA:41,4
DA:42,4
DA:43,4
DA:44,4
DA:45,4
DA:46,4
LF:46
LH:46
BRDA:1,0,0,4
BRF:1
BRH:1
end_of_record
TN:
SF:src/i18n/tr.js
FNF:0
FNH:0
DA:1,4
DA:2,4
DA:3,4
DA:4,4
DA:5,4
DA:6,4
DA:7,4
DA:8,4
DA:9,4
DA:10,4
DA:11,4
DA:12,4
DA:13,4
DA:14,4
DA:15,4
DA:16,4
DA:17,4
DA:18,4
DA:19,4
DA:20,4
DA:21,4
DA:22,4
DA:23,4
DA:24,4
DA:25,4
DA:26,4
DA:27,4
DA:28,4
DA:29,4
DA:30,4
DA:31,4
DA:32,4
DA:33,4
DA:34,4
DA:35,4
DA:36,4
DA:37,4
DA:38,4
DA:39,4
DA:40,4
DA:41,4
DA:42,4
DA:43,4
DA:44,4
DA:45,4
DA:46,4
LF:46
LH:46
BRDA:1,0,0,4
BRF:1
BRH:1
end_of_record
TN:
SF:src/store/employee-store.js
FN:17,addEmployee
FN:22,updateEmployee
FN:27,deleteEmployee
FN:32,setViewMode
FN:37,setCurrentPage
FN:42,setSearchTerm
FN:47,setLanguage
FN:52,resetStore
FN:66,employeeReducer
FNF:9
FNH:9
FNDA:82,addEmployee
FNDA:1,updateEmployee
FNDA:1,deleteEmployee
FNDA:2,setViewMode
FNDA:1,setCurrentPage
FNDA:3,setSearchTerm
FNDA:3,setLanguage
FNDA:26,resetStore
FNDA:123,employeeReducer
DA:1,4
DA:2,4
DA:3,4
DA:4,4
DA:5,4
DA:6,4
DA:7,4
DA:8,4
DA:9,4
DA:10,4
DA:11,4
DA:12,4
DA:13,4
DA:14,4
DA:15,4
DA:16,4
DA:17,4
DA:18,82
DA:19,82
DA:20,4
DA:21,4
DA:22,4
DA:23,1
DA:24,1
DA:25,4
DA:26,4
DA:27,4
DA:28,1
DA:29,1
DA:30,4
DA:31,4
DA:32,4
DA:33,2
DA:34,2
DA:35,4
DA:36,4
DA:37,4
DA:38,1
DA:39,1
DA:40,4
DA:41,4
DA:42,4
DA:43,3
DA:44,3
DA:45,4
DA:46,4
DA:47,4
DA:48,3
DA:49,3
DA:50,4
DA:51,4
DA:52,4
DA:53,26
DA:54,4
DA:55,4
DA:56,4
DA:57,4
DA:58,4
DA:59,4
DA:60,4
DA:61,4
DA:62,4
DA:63,4
DA:64,4
DA:65,4
DA:66,123
DA:67,123
DA:68,123
DA:69,82
DA:70,82
DA:71,82
DA:72,82
DA:73,123
DA:74,123
DA:75,1
DA:76,1
DA:77,1
DA:78,1
DA:79,1
DA:80,1
DA:81,123
DA:82,123
DA:83,1
DA:84,1
DA:85,1
DA:86,1
DA:87,123
DA:88,123
DA:89,2
DA:90,2
DA:91,2
DA:92,2
DA:93,123
DA:94,123
DA:95,1
DA:96,1
DA:97,1
DA:98,1
DA:99,123
DA:100,123
DA:101,3
DA:102,3
DA:103,3
DA:104,3
DA:105,3
DA:106,123
DA:107,123
DA:108,3
DA:109,3
DA:110,3
DA:111,3
DA:112,3
DA:113,123
DA:114,123
DA:115,26
DA:116,123
DA:117,123
DA:118,4
DA:119,123
DA:120,123
DA:121,4
DA:122,4
DA:123,4
DA:124,4
DA:125,4
DA:126,4
DA:127,4
DA:128,4
DA:129,4
DA:130,4
DA:131,4
DA:132,4
DA:133,119
DA:134,4
LF:134
LH:134
BRDA:1,0,0,4
BRDA:127,1,0,0
BRDA:66,2,0,123
BRDA:68,3,0,82
BRDA:74,4,0,1
BRDA:82,5,0,1
BRDA:88,6,0,2
BRDA:94,7,0,1
BRDA:100,8,0,3
BRDA:107,9,0,3
BRDA:114,10,0,26
BRDA:17,11,0,84
BRDA:32,12,0,4
BRDA:42,13,0,5
BRDA:47,14,0,5
BRDA:52,15,0,28
BRDA:117,16,0,4
BRDA:132,17,0,121
BRDA:22,18,0,4
BRDA:27,19,0,4
BRDA:37,20,0,4
BRDA:77,21,0,1
BRDA:78,22,0,0
BRDA:85,23,0,1
BRF:24
BRH:22
end_of_record
TN:
SF:src/utils/constants.js
FNF:0
FNH:0
DA:1,4
DA:2,4
DA:3,4
DA:4,4
DA:5,4
DA:6,4
DA:7,4
DA:8,4
DA:9,4
DA:10,4
DA:11,4
DA:12,4
LF:12
LH:12
BRDA:1,0,0,4
BRF:1
BRH:1
end_of_record
TN:
SF:src/utils/validation.js
FN:3,validateEmail
FN:9,validatePhone
FN:15,validateRequired
FN:20,validateDate
FN:27,validateEmployeeForm
FNF:5
FNH:5
FNDA:5,validateEmail
FNDA:5,validatePhone
FNDA:10,validateRequired
FNDA:7,validateDate
FNDA:2,validateEmployeeForm
DA:1,2
DA:2,2
DA:3,2
DA:4,5
DA:5,5
DA:6,2
DA:7,2
DA:8,2
DA:9,2
DA:10,5
DA:11,5
DA:12,2
DA:13,2
DA:14,2
DA:15,2
DA:16,10
DA:17,5
DA:18,2
DA:19,2
DA:20,2
DA:21,7
DA:22,4
DA:23,7
DA:24,3
DA:25,2
DA:26,2
DA:27,2
DA:28,2
DA:29,2
DA:30,2
DA:31,2
DA:32,2
DA:33,2
DA:34,2
DA:35,2
DA:36,2
DA:37,2
DA:38,2
DA:39,2
DA:40,2
LF:40
LH:40
BRDA:1,0,0,2
BRDA:3,1,0,6
BRDA:4,2,0,3
BRDA:5,3,0,4
BRDA:5,4,0,2
BRDA:6,5,0,3
BRDA:9,6,0,6
BRDA:10,7,0,3
BRDA:11,8,0,4
BRDA:11,9,0,2
BRDA:12,10,0,3
BRDA:15,11,0,11
BRDA:16,12,0,6
BRDA:20,13,0,8
BRDA:21,14,0,4
BRDA:22,15,0,5
BRDA:23,16,0,2
BRDA:24,17,0,4
BRDA:27,18,0,3
BRF:19
BRH:19
end_of_record
